
///////////////////////////////////////////////////////////////////////////\\\\\\\\\\\\\\\\\\\\\\\\\\\\\\\\\\\\\\\\\\\\\\\\\\\\\\\\\\\\\\\\\\\\\\\\\\\
THREE ADDRESS CODE (TAC): 
======================================================================================================================================================
0:      t_0 = 6

1: merge: 
2:      t_1 = m - l
3:      t_2 = 1
4:      t_3 = t_1 + t_2
5:      n1 = t_3
6:      t_5 = r - m
7:      n2 = t_5
8:      t_7 = 6
9:      t_8 = 6

10: merge.FOR$0: 
11:      t_0 = 0
12:      i = t_0
13:      if i < n1 goto 18
14:      goto 24
15:      t_2 = i
16:      i = i + 1
17:      goto 13
18:      t_3 = i * 4
19:      t_4 = l + i
20:      t_5 = t_4 * 4
21:      t_6 = arr[t_5]
22:      L[t_3] = t_6
23:      goto 15

24: merge.FOR$1: 
25:      t_0 = 0
26:      j = t_0
27:      if j < n2 goto 32
28:      goto 40
29:      t_2 = j
30:      j = j + 1
31:      goto 27
32:      t_3 = j * 4
33:      t_4 = 1
34:      t_5 = m + t_4
35:      t_6 = t_5 + j
36:      t_7 = t_6 * 4
37:      t_8 = arr[t_7]
38:      R[t_3] = t_8
39:      goto 29
40:      t_9 = 0
41:      i = t_9
42:      t_11 = 0
43:      j = t_11
44:      k = l

45: merge.WHILE$2: 
46:      if i < n1 goto 48
47:      goto 75
48:      if j < n2 goto 50
49:      goto 75
50:      t_0 = i * 4
51:      t_1 = L[t_0]
52:      t_2 = j * 4
53:      t_3 = R[t_2]
54:      if t_1 <= t_3 goto 57
55:      goto 65
56:      goto 72

57: merge.WHILE$2.WHILE$3: 
58:      t_0 = k * 4
59:      t_1 = i * 4
60:      t_2 = L[t_1]
61:      arr[t_0] = t_2
62:      t_4 = i
63:      i = i + 1
64:      goto 72

65: merge.WHILE$2.WHILE$4: 
66:      t_0 = k * 4
67:      t_1 = j * 4
68:      t_2 = R[t_1]
69:      arr[t_0] = t_2
70:      t_4 = j
71:      j = j + 1
72:      t_4 = k
73:      k = k + 1
74:      goto 46

75: merge.WHILE$5: 
76:      if i < n1 goto 78
77:      goto 87
78:      t_0 = k * 4
79:      t_1 = i * 4
80:      t_2 = L[t_1]
81:      arr[t_0] = t_2
82:      t_4 = i
83:      i = i + 1
84:      t_5 = k
85:      k = k + 1
86:      goto 76

87: merge.WHILE$6: 
88:      if j < n2 goto 90
89:      goto 
90:      t_0 = k * 4
91:      t_1 = j * 4
92:      t_2 = R[t_1]
93:      arr[t_0] = t_2
94:      t_4 = j
95:      j = j + 1
96:      t_5 = k
97:      k = k + 1
98:      goto 88
99:      t_0 = 6

100: mergeSort: 
101:      if l < r goto 104
102:      goto 
103:      goto 126

104: mergeSort.$0: 
105:      t_0 = r - l
106:      t_1 = 2
107:      t_2 = t_0 / t_1
108:      t_3 = l + t_2
109:      m = t_3
110:      param arr
111:      param l
112:      param m
113:      t_4 = call mergeSort, 3
114:      param arr
115:      t_5 = 1
116:      t_6 = m + t_5
117:      param t_6
118:      param r
119:      t_7 = call mergeSort, 3
120:      param arr
121:      param l
122:      param m
123:      param r
124:      t_8 = call merge, 4
125:      goto 

126: main: 
127:      t_0 = 6
128:      t_1 = 0
129:      t_2 = t_1 * 4
130:      t_3 = 12
131:      arr[t_2] = t_3
132:      t_5 = 1
133:      t_6 = t_5 * 4
134:      t_7 = 11
135:      arr[t_6] = t_7
136:      t_9 = 2
137:      t_10 = t_9 * 4
138:      t_11 = 14
139:      arr[t_10] = t_11
140:      t_13 = 3
141:      t_14 = t_13 * 4
142:      t_15 = 2
143:      arr[t_14] = t_15
144:      t_17 = 4
145:      t_18 = t_17 * 4
146:      t_19 = 28
147:      arr[t_18] = t_19
148:      t_21 = 5
149:      t_22 = t_21 * 4
150:      t_23 = 7
151:      arr[t_22] = t_23
152:      t_25 = 6
153:      arr_size = t_25
154:      param arr
155:      t_26 = 0
156:      param t_26
157:      t_27 = 1
158:      t_28 = arr_size - t_27
159:      param t_28
160:      t_29 = call mergeSort, 3
161:      t_30 = 0
162:      return t_30
======================================================================================================================================================

Symbol Tables:
======================================================================================================================================================
///////////////////////////////////////////////////////////////////////////\\\\\\\\\\\\\\\\\\\\\\\\\\\\\\\\\\\\\\\\\\\\\\\\\\\\\\\\\\\\\\\\\\\\\\\\\\\
Symbol Table: global                                    Parent Symbol Table: NULL
======================================================================================================================================================
Name                        |   Type                  |   Size          |   Offset        |   Initial Value      |   Nested Table
merge                       |   function              |   0             |   0             |   -                  |   merge
mergeSort                   |   function              |   0             |   0             |   -                  |   mergeSort
main                        |   function              |   0             |   0             |   -                  |   main
======================================================================================================================================================

///////////////////////////////////////////////////////////////////////////\\\\\\\\\\\\\\\\\\\\\\\\\\\\\\\\\\\\\\\\\\\\\\\\\\\\\\\\\\\\\\\\\\\\\\\\\\\
Symbol Table: merge                                     Parent Symbol Table: global
======================================================================================================================================================
Name                        |   Type                  |   Size          |   Offset        |   Initial Value      |   Nested Table
arr                         |   arr(6,int)            |   24            |   0             |   -                  |   null
t_0                         |   int                   |   4             |   24            |   6                  |   null
l                           |   int                   |   4             |   28            |   -                  |   null
m                           |   int                   |   4             |   32            |   -                  |   null
r                           |   int                   |   4             |   36            |   -                  |   null
i                           |   int                   |   4             |   40            |   -                  |   null
j                           |   int                   |   4             |   44            |   -                  |   null
k                           |   int                   |   4             |   48            |   -                  |   null
n1                          |   int                   |   4             |   52            |   -                  |   null
t_1                         |   int                   |   4             |   56            |                      |   null
t_2                         |   int                   |   4             |   60            |   1                  |   null
t_3                         |   int                   |   4             |   64            |                      |   null
t_4                         |   int                   |   4             |   68            |                      |   null
n2                          |   int                   |   4             |   72            |   -                  |   null
t_5                         |   int                   |   4             |   76            |                      |   null
t_6                         |   int                   |   4             |   80            |                      |   null
L                           |   arr(6,int)            |   24            |   84            |   -                  |   null
t_7                         |   int                   |   4             |   108           |   6                  |   null
R                           |   arr(6,int)            |   24            |   112           |   -                  |   null
t_8                         |   int                   |   4             |   136           |   6                  |   null
merge.FOR$0                 |   block                 |   0             |   140           |   -                  |   merge.FOR$0
merge.FOR$1                 |   block                 |   0             |   140           |   -                  |   merge.FOR$1
t_9                         |   int                   |   4             |   140           |   0                  |   null
t_10                        |   int                   |   4             |   144           |                      |   null
t_11                        |   int                   |   4             |   148           |   0                  |   null
t_12                        |   int                   |   4             |   152           |                      |   null
t_13                        |   int                   |   4             |   156           |                      |   null
merge.WHILE$2               |   block                 |   0             |   160           |   -                  |   merge.WHILE$2
merge.WHILE$5               |   block                 |   0             |   160           |   -                  |   merge.WHILE$5
merge.WHILE$6               |   block                 |   0             |   160           |   -                  |   merge.WHILE$6
======================================================================================================================================================

///////////////////////////////////////////////////////////////////////////\\\\\\\\\\\\\\\\\\\\\\\\\\\\\\\\\\\\\\\\\\\\\\\\\\\\\\\\\\\\\\\\\\\\\\\\\\\
Symbol Table: merge.FOR$0                               Parent Symbol Table: merge
======================================================================================================================================================
Name                        |   Type                  |   Size          |   Offset        |   Initial Value      |   Nested Table
t_0                         |   int                   |   4             |   0             |   0                  |   null
t_1                         |   int                   |   4             |   4             |                      |   null
t_2                         |   int                   |   4             |   8             |                      |   null
t_3                         |   int                   |   4             |   12            |                      |   null
t_4                         |   int                   |   4             |   16            |                      |   null
t_5                         |   int                   |   4             |   20            |                      |   null
t_6                         |   int                   |   4             |   24            |                      |   null
t_7                         |   int                   |   4             |   28            |                      |   null
======================================================================================================================================================

///////////////////////////////////////////////////////////////////////////\\\\\\\\\\\\\\\\\\\\\\\\\\\\\\\\\\\\\\\\\\\\\\\\\\\\\\\\\\\\\\\\\\\\\\\\\\\
Symbol Table: merge.FOR$1                               Parent Symbol Table: merge
======================================================================================================================================================
Name                        |   Type                  |   Size          |   Offset        |   Initial Value      |   Nested Table
t_0                         |   int                   |   4             |   0             |   0                  |   null
t_1                         |   int                   |   4             |   4             |                      |   null
t_2                         |   int                   |   4             |   8             |                      |   null
t_3                         |   int                   |   4             |   12            |                      |   null
t_4                         |   int                   |   4             |   16            |   1                  |   null
t_5                         |   int                   |   4             |   20            |                      |   null
t_6                         |   int                   |   4             |   24            |                      |   null
t_7                         |   int                   |   4             |   28            |                      |   null
t_8                         |   int                   |   4             |   32            |                      |   null
t_9                         |   int                   |   4             |   36            |                      |   null
======================================================================================================================================================

///////////////////////////////////////////////////////////////////////////\\\\\\\\\\\\\\\\\\\\\\\\\\\\\\\\\\\\\\\\\\\\\\\\\\\\\\\\\\\\\\\\\\\\\\\\\\\
Symbol Table: merge.WHILE$2                             Parent Symbol Table: merge
======================================================================================================================================================
Name                        |   Type                  |   Size          |   Offset        |   Initial Value      |   Nested Table
t_0                         |   int                   |   4             |   0             |                      |   null
t_1                         |   int                   |   4             |   4             |                      |   null
t_2                         |   int                   |   4             |   8             |                      |   null
t_3                         |   int                   |   4             |   12            |                      |   null
merge.WHILE$2.WHILE$3       |   block                 |   0             |   16            |   -                  |   merge.WHILE$2.WHILE$3
merge.WHILE$2.WHILE$4       |   block                 |   0             |   16            |   -                  |   merge.WHILE$2.WHILE$4
t_4                         |   int                   |   4             |   16            |                      |   null
======================================================================================================================================================

///////////////////////////////////////////////////////////////////////////\\\\\\\\\\\\\\\\\\\\\\\\\\\\\\\\\\\\\\\\\\\\\\\\\\\\\\\\\\\\\\\\\\\\\\\\\\\
Symbol Table: merge.WHILE$2.WHILE$3                     Parent Symbol Table: merge.WHILE$2
======================================================================================================================================================
Name                        |   Type                  |   Size          |   Offset        |   Initial Value      |   Nested Table
t_0                         |   int                   |   4             |   0             |                      |   null
t_1                         |   int                   |   4             |   4             |                      |   null
t_2                         |   int                   |   4             |   8             |                      |   null
t_3                         |   int                   |   4             |   12            |                      |   null
t_4                         |   int                   |   4             |   16            |                      |   null
======================================================================================================================================================

///////////////////////////////////////////////////////////////////////////\\\\\\\\\\\\\\\\\\\\\\\\\\\\\\\\\\\\\\\\\\\\\\\\\\\\\\\\\\\\\\\\\\\\\\\\\\\
Symbol Table: merge.WHILE$2.WHILE$4                     Parent Symbol Table: merge.WHILE$2
======================================================================================================================================================
Name                        |   Type                  |   Size          |   Offset        |   Initial Value      |   Nested Table
t_0                         |   int                   |   4             |   0             |                      |   null
t_1                         |   int                   |   4             |   4             |                      |   null
t_2                         |   int                   |   4             |   8             |                      |   null
t_3                         |   int                   |   4             |   12            |                      |   null
t_4                         |   int                   |   4             |   16            |                      |   null
======================================================================================================================================================

///////////////////////////////////////////////////////////////////////////\\\\\\\\\\\\\\\\\\\\\\\\\\\\\\\\\\\\\\\\\\\\\\\\\\\\\\\\\\\\\\\\\\\\\\\\\\\
Symbol Table: merge.WHILE$5                             Parent Symbol Table: merge
======================================================================================================================================================
Name                        |   Type                  |   Size          |   Offset        |   Initial Value      |   Nested Table
t_0                         |   int                   |   4             |   0             |                      |   null
t_1                         |   int                   |   4             |   4             |                      |   null
t_2                         |   int                   |   4             |   8             |                      |   null
t_3                         |   int                   |   4             |   12            |                      |   null
t_4                         |   int                   |   4             |   16            |                      |   null
t_5                         |   int                   |   4             |   20            |                      |   null
======================================================================================================================================================

///////////////////////////////////////////////////////////////////////////\\\\\\\\\\\\\\\\\\\\\\\\\\\\\\\\\\\\\\\\\\\\\\\\\\\\\\\\\\\\\\\\\\\\\\\\\\\
Symbol Table: merge.WHILE$6                             Parent Symbol Table: merge
======================================================================================================================================================
Name                        |   Type                  |   Size          |   Offset        |   Initial Value      |   Nested Table
t_0                         |   int                   |   4             |   0             |                      |   null
t_1                         |   int                   |   4             |   4             |                      |   null
t_2                         |   int                   |   4             |   8             |                      |   null
t_3                         |   int                   |   4             |   12            |                      |   null
t_4                         |   int                   |   4             |   16            |                      |   null
t_5                         |   int                   |   4             |   20            |                      |   null
======================================================================================================================================================

///////////////////////////////////////////////////////////////////////////\\\\\\\\\\\\\\\\\\\\\\\\\\\\\\\\\\\\\\\\\\\\\\\\\\\\\\\\\\\\\\\\\\\\\\\\\\\
Symbol Table: mergeSort                                 Parent Symbol Table: global
======================================================================================================================================================
Name                        |   Type                  |   Size          |   Offset        |   Initial Value      |   Nested Table
arr                         |   arr(6,int)            |   24            |   0             |   -                  |   null
t_0                         |   int                   |   4             |   24            |   6                  |   null
l                           |   int                   |   4             |   28            |   -                  |   null
r                           |   int                   |   4             |   32            |   -                  |   null
mergeSort.$0                |   block                 |   0             |   36            |   -                  |   mergeSort.$0
======================================================================================================================================================

///////////////////////////////////////////////////////////////////////////\\\\\\\\\\\\\\\\\\\\\\\\\\\\\\\\\\\\\\\\\\\\\\\\\\\\\\\\\\\\\\\\\\\\\\\\\\\
Symbol Table: mergeSort.$0                              Parent Symbol Table: mergeSort
======================================================================================================================================================
Name                        |   Type                  |   Size          |   Offset        |   Initial Value      |   Nested Table
m                           |   int                   |   4             |   0             |   -                  |   null
t_0                         |   int                   |   4             |   4             |                      |   null
t_1                         |   int                   |   4             |   8             |   2                  |   null
t_2                         |   int                   |   4             |   12            |                      |   null
t_3                         |   int                   |   4             |   16            |                      |   null
t_4                         |   void                  |   0             |   20            |                      |   null
t_5                         |   int                   |   4             |   20            |   1                  |   null
t_6                         |   int                   |   4             |   24            |                      |   null
t_7                         |   void                  |   0             |   28            |                      |   null
t_8                         |   void                  |   0             |   28            |                      |   null
======================================================================================================================================================

///////////////////////////////////////////////////////////////////////////\\\\\\\\\\\\\\\\\\\\\\\\\\\\\\\\\\\\\\\\\\\\\\\\\\\\\\\\\\\\\\\\\\\\\\\\\\\
Symbol Table: main                                      Parent Symbol Table: global
======================================================================================================================================================
Name                        |   Type                  |   Size          |   Offset        |   Initial Value      |   Nested Table
return                      |   int                   |   4             |   0             |   -                  |   null
arr                         |   arr(6,int)            |   24            |   4             |   -                  |   null
t_0                         |   int                   |   4             |   28            |   6                  |   null
t_1                         |   int                   |   4             |   32            |   0                  |   null
t_2                         |   int                   |   4             |   36            |                      |   null
t_3                         |   int                   |   4             |   40            |   12                 |   null
t_4                         |   int                   |   4             |   44            |                      |   null
t_5                         |   int                   |   4             |   48            |   1                  |   null
t_6                         |   int                   |   4             |   52            |                      |   null
t_7                         |   int                   |   4             |   56            |   11                 |   null
t_8                         |   int                   |   4             |   60            |                      |   null
t_9                         |   int                   |   4             |   64            |   2                  |   null
t_10                        |   int                   |   4             |   68            |                      |   null
t_11                        |   int                   |   4             |   72            |   14                 |   null
t_12                        |   int                   |   4             |   76            |                      |   null
t_13                        |   int                   |   4             |   80            |   3                  |   null
t_14                        |   int                   |   4             |   84            |                      |   null
t_15                        |   int                   |   4             |   88            |   2                  |   null
t_16                        |   int                   |   4             |   92            |                      |   null
t_17                        |   int                   |   4             |   96            |   4                  |   null
t_18                        |   int                   |   4             |   100           |                      |   null
t_19                        |   int                   |   4             |   104           |   28                 |   null
t_20                        |   int                   |   4             |   108           |                      |   null
t_21                        |   int                   |   4             |   112           |   5                  |   null
t_22                        |   int                   |   4             |   116           |                      |   null
t_23                        |   int                   |   4             |   120           |   7                  |   null
t_24                        |   int                   |   4             |   124           |                      |   null
arr_size                    |   int                   |   4             |   128           |   6                  |   null
t_25                        |   int                   |   4             |   132           |   6                  |   null
t_26                        |   int                   |   4             |   136           |   0                  |   null
t_27                        |   int                   |   4             |   140           |   1                  |   null
t_28                        |   int                   |   4             |   144           |                      |   null
t_29                        |   void                  |   0             |   148           |                      |   null
t_30                        |   int                   |   4             |   148           |   0                  |   null
======================================================================================================================================================

