
///////////////////////////////////////////////////////////////////////////\\\\\\\\\\\\\\\\\\\\\\\\\\\\\\\\\\\\\\\\\\\\\\\\\\\\\\\\\\\\\\\\\\\\\\\\\\\
THREE ADDRESS CODE (TAC): 
======================================================================================================================================================
0:      t_0 = 30

1: SieveOfEratosthenes: 
2:      t_1 = 1
3:      t_2 = n + t_1

4: SieveOfEratosthenes.FOR$0: 
5:      t_0 = 0
6:      i = t_0
7:      t_1 = 1
8:      t_2 = n + t_1
9:      if i < t_2 goto 14
10:      goto 18
11:      t_3 = i
12:      i = i + 1
13:      goto 7
14:      t_4 = i * 4
15:      t_5 = 1
16:      prime[t_4] = t_5
17:      goto 11

18: SieveOfEratosthenes.FOR$1: 
19:      t_0 = 2
20:      p = t_0
21:      t_1 = p * p
22:      if t_1 <= n goto 27
23:      goto 47
24:      t_2 = p
25:      p = p + 1
26:      goto 21
27:      t_3 = p * 4
28:      t_4 = prime[t_3]
29:      t_5 = 1
30:      if t_4 == t_5 goto 33
31:      goto 24
32:      goto 46

33: SieveOfEratosthenes.FOR$1.FOR$2: 

34: SieveOfEratosthenes.FOR$1.FOR$2.FOR$3: 
35:      t_0 = p * p
36:      i = t_0
37:      if i <= n goto 41
38:      goto 24
39:      i = p
40:      goto 37
41:      t_2 = i * 4
42:      t_3 = 0
43:      prime[t_2] = t_3
44:      goto 39
45:      goto 24
46:      goto 24
47:      t_3 = 0
48:      j = t_3

49: SieveOfEratosthenes.FOR$4: 
50:      t_0 = 2
51:      p = t_0
52:      if p <= n goto 57
53:      goto 
54:      t_1 = p
55:      p = p + 1
56:      goto 52
57:      t_2 = p * 4
58:      t_3 = prime[t_2]
59:      goto 65
60:      t_4 = j
61:      j = j + 1
62:      t_5 = t_4 * 4
63:      primeList[t_5] = p
64:      goto 54
65:      if t_3 == 0 goto 54
66:      goto 60
67:      goto 54

68: main: 
69:      t_0 = 30
70:      n = t_0
71:      t_1 = 30
72:      param n
73:      param primeList
74:      t_2 = call SieveOfEratosthenes, 2
75:      t_3 = 0
76:      return t_3
======================================================================================================================================================

Symbol Tables:
======================================================================================================================================================
///////////////////////////////////////////////////////////////////////////\\\\\\\\\\\\\\\\\\\\\\\\\\\\\\\\\\\\\\\\\\\\\\\\\\\\\\\\\\\\\\\\\\\\\\\\\\\
Symbol Table: global                                    Parent Symbol Table: NULL
======================================================================================================================================================
Name                        |   Type                  |   Size          |   Offset        |   Initial Value      |   Nested Table
SieveOfEratosthenes         |   function              |   0             |   0             |   -                  |   SieveOfEratosthenes
main                        |   function              |   0             |   0             |   -                  |   main
======================================================================================================================================================

///////////////////////////////////////////////////////////////////////////\\\\\\\\\\\\\\\\\\\\\\\\\\\\\\\\\\\\\\\\\\\\\\\\\\\\\\\\\\\\\\\\\\\\\\\\\\\
Symbol Table: SieveOfEratosthenes                       Parent Symbol Table: global
======================================================================================================================================================
Name                        |   Type                  |   Size          |   Offset        |   Initial Value      |   Nested Table
n                           |   int                   |   4             |   0             |   -                  |   null
primeList                   |   arr(30,int)           |   120           |   4             |   -                  |   null
t_0                         |   int                   |   4             |   124           |   30                 |   null
prime                       |   arr(0,int)            |   0             |   128           |   -                  |   null
t_1                         |   int                   |   4             |   128           |   1                  |   null
t_2                         |   int                   |   4             |   132           |                      |   null
SieveOfEratosthenes.FOR$0   |   block                 |   0             |   136           |   -                  |   SieveOfEratosthenes.FOR$0
SieveOfEratosthenes.FOR$1   |   block                 |   0             |   136           |   -                  |   SieveOfEratosthenes.FOR$1
j                           |   int                   |   4             |   136           |   0                  |   null
t_3                         |   int                   |   4             |   140           |   0                  |   null
SieveOfEratosthenes.FOR$4   |   block                 |   0             |   144           |   -                  |   SieveOfEratosthenes.FOR$4
======================================================================================================================================================

///////////////////////////////////////////////////////////////////////////\\\\\\\\\\\\\\\\\\\\\\\\\\\\\\\\\\\\\\\\\\\\\\\\\\\\\\\\\\\\\\\\\\\\\\\\\\\
Symbol Table: SieveOfEratosthenes.FOR$0                 Parent Symbol Table: SieveOfEratosthenes
======================================================================================================================================================
Name                        |   Type                  |   Size          |   Offset        |   Initial Value      |   Nested Table
i                           |   int                   |   4             |   0             |   0                  |   null
t_0                         |   int                   |   4             |   4             |   0                  |   null
t_1                         |   int                   |   4             |   8             |   1                  |   null
t_2                         |   int                   |   4             |   12            |                      |   null
t_3                         |   int                   |   4             |   16            |                      |   null
t_4                         |   int                   |   4             |   20            |                      |   null
t_5                         |   int                   |   4             |   24            |   1                  |   null
t_6                         |   int                   |   4             |   28            |                      |   null
======================================================================================================================================================

///////////////////////////////////////////////////////////////////////////\\\\\\\\\\\\\\\\\\\\\\\\\\\\\\\\\\\\\\\\\\\\\\\\\\\\\\\\\\\\\\\\\\\\\\\\\\\
Symbol Table: SieveOfEratosthenes.FOR$1                 Parent Symbol Table: SieveOfEratosthenes
======================================================================================================================================================
Name                        |   Type                  |   Size          |   Offset        |   Initial Value      |   Nested Table
p                           |   int                   |   4             |   0             |   2                  |   null
t_0                         |   int                   |   4             |   4             |   2                  |   null
t_1                         |   int                   |   4             |   8             |                      |   null
t_2                         |   int                   |   4             |   12            |                      |   null
t_3                         |   int                   |   4             |   16            |                      |   null
t_4                         |   int                   |   4             |   20            |                      |   null
t_5                         |   int                   |   4             |   24            |   1                  |   null
SieveOfEratosthenes.FOR$1.FOR$2 |   block                 |   0             |   28            |   -                  |   SieveOfEratosthenes.FOR$1.FOR$2
======================================================================================================================================================

///////////////////////////////////////////////////////////////////////////\\\\\\\\\\\\\\\\\\\\\\\\\\\\\\\\\\\\\\\\\\\\\\\\\\\\\\\\\\\\\\\\\\\\\\\\\\\
Symbol Table: SieveOfEratosthenes.FOR$1.FOR$2           Parent Symbol Table: SieveOfEratosthenes.FOR$1
======================================================================================================================================================
Name                        |   Type                  |   Size          |   Offset        |   Initial Value      |   Nested Table
SieveOfEratosthenes.FOR$1.FOR$2.FOR$3 |   block                 |   0             |   0             |   -                  |   SieveOfEratosthenes.FOR$1.FOR$2.FOR$3
======================================================================================================================================================

///////////////////////////////////////////////////////////////////////////\\\\\\\\\\\\\\\\\\\\\\\\\\\\\\\\\\\\\\\\\\\\\\\\\\\\\\\\\\\\\\\\\\\\\\\\\\\
Symbol Table: SieveOfEratosthenes.FOR$1.FOR$2.FOR$3     Parent Symbol Table: SieveOfEratosthenes.FOR$1.FOR$2
======================================================================================================================================================
Name                        |   Type                  |   Size          |   Offset        |   Initial Value      |   Nested Table
i                           |   int                   |   4             |   0             |   -                  |   null
t_0                         |   int                   |   4             |   4             |                      |   null
t_1                         |   int                   |   4             |   8             |                      |   null
t_2                         |   int                   |   4             |   12            |                      |   null
t_3                         |   int                   |   4             |   16            |   0                  |   null
t_4                         |   int                   |   4             |   20            |                      |   null
======================================================================================================================================================

///////////////////////////////////////////////////////////////////////////\\\\\\\\\\\\\\\\\\\\\\\\\\\\\\\\\\\\\\\\\\\\\\\\\\\\\\\\\\\\\\\\\\\\\\\\\\\
Symbol Table: SieveOfEratosthenes.FOR$4                 Parent Symbol Table: SieveOfEratosthenes
======================================================================================================================================================
Name                        |   Type                  |   Size          |   Offset        |   Initial Value      |   Nested Table
p                           |   int                   |   4             |   0             |   2                  |   null
t_0                         |   int                   |   4             |   4             |   2                  |   null
t_1                         |   int                   |   4             |   8             |                      |   null
t_2                         |   int                   |   4             |   12            |                      |   null
t_3                         |   int                   |   4             |   16            |                      |   null
t_4                         |   int                   |   4             |   20            |                      |   null
t_5                         |   int                   |   4             |   24            |                      |   null
t_6                         |   int                   |   4             |   28            |                      |   null
======================================================================================================================================================

///////////////////////////////////////////////////////////////////////////\\\\\\\\\\\\\\\\\\\\\\\\\\\\\\\\\\\\\\\\\\\\\\\\\\\\\\\\\\\\\\\\\\\\\\\\\\\
Symbol Table: main                                      Parent Symbol Table: global
======================================================================================================================================================
Name                        |   Type                  |   Size          |   Offset        |   Initial Value      |   Nested Table
return                      |   int                   |   4             |   0             |   -                  |   null
n                           |   int                   |   4             |   4             |   30                 |   null
t_0                         |   int                   |   4             |   8             |   30                 |   null
primeList                   |   arr(30,int)           |   120           |   12            |   -                  |   null
t_1                         |   int                   |   4             |   132           |   30                 |   null
t_2                         |   void                  |   0             |   136           |                      |   null
t_3                         |   int                   |   4             |   136           |   0                  |   null
======================================================================================================================================================

