
///////////////////////////////////////////////////////////////////////////\\\\\\\\\\\\\\\\\\\\\\\\\\\\\\\\\\\\\\\\\\\\\\\\\\\\\\\\\\\\\\\\\\\\\\\\\\\
THREE ADDRESS CODE (TAC): 
======================================================================================================================================================

0: is_prime: 
1:      t_0 = 1
2:      if num <= t_0 goto 5
3:      goto 9
4:      goto 9

5: is_prime.$0: 
6:      t_0 = 0
7:      return t_0
8:      goto 9

9: is_prime.FOR$1: 
10:      t_0 = 2
11:      i = t_0
12:      t_1 = 2
13:      t_2 = num / t_1
14:      if i <= t_2 goto 19
15:      goto 29
16:      t_3 = i
17:      i = i + 1
18:      goto 12
19:      t_4 = num % i
20:      t_5 = 0
21:      if t_4 == t_5 goto 24
22:      goto 16
23:      goto 28

24: is_prime.FOR$1.FOR$2: 
25:      t_0 = 0
26:      return t_0
27:      goto 16
28:      goto 16
29:      t_1 = 1
30:      return t_1

31: sum_primes: 
32:      t_0 = 0
33:      sum = t_0

34: sum_primes.FOR$0: 
35:      t_0 = 2
36:      i = t_0
37:      if i <= limit goto 42
38:      goto 51
39:      t_1 = i
40:      i = i + 1
41:      goto 37
42:      param i
43:      t_2 = call is_prime, 1
44:      goto 48

45: sum_primes.FOR$0.FOR$1: 
46:      sum = i
47:      goto 39
48:      if t_2 == 0 goto 39
49:      goto 45
50:      goto 39
51:      return sum

52: main: 
53:      t_0 = 100
54:      limit = t_0
55:      param limit
56:      t_1 = call sum_primes, 1
57:      result = t_1
58:      t_2 = 0
59:      return t_2
======================================================================================================================================================

Symbol Tables:
======================================================================================================================================================
///////////////////////////////////////////////////////////////////////////\\\\\\\\\\\\\\\\\\\\\\\\\\\\\\\\\\\\\\\\\\\\\\\\\\\\\\\\\\\\\\\\\\\\\\\\\\\
Symbol Table: global                                    Parent Symbol Table: NULL
======================================================================================================================================================
Name                        |   Type                  |   Size          |   Offset        |   Initial Value      |   Nested Table
is_prime                    |   function              |   0             |   0             |   -                  |   is_prime
sum_primes                  |   function              |   0             |   0             |   -                  |   sum_primes
main                        |   function              |   0             |   0             |   -                  |   main
======================================================================================================================================================

///////////////////////////////////////////////////////////////////////////\\\\\\\\\\\\\\\\\\\\\\\\\\\\\\\\\\\\\\\\\\\\\\\\\\\\\\\\\\\\\\\\\\\\\\\\\\\
Symbol Table: is_prime                                  Parent Symbol Table: global
======================================================================================================================================================
Name                        |   Type                  |   Size          |   Offset        |   Initial Value      |   Nested Table
num                         |   int                   |   4             |   0             |   -                  |   null
return                      |   int                   |   4             |   4             |   -                  |   null
t_0                         |   int                   |   4             |   8             |   1                  |   null
is_prime.$0                 |   block                 |   0             |   12            |   -                  |   is_prime.$0
is_prime.FOR$1              |   block                 |   0             |   12            |   -                  |   is_prime.FOR$1
t_1                         |   int                   |   4             |   12            |   1                  |   null
======================================================================================================================================================

///////////////////////////////////////////////////////////////////////////\\\\\\\\\\\\\\\\\\\\\\\\\\\\\\\\\\\\\\\\\\\\\\\\\\\\\\\\\\\\\\\\\\\\\\\\\\\
Symbol Table: is_prime.$0                               Parent Symbol Table: is_prime
======================================================================================================================================================
Name                        |   Type                  |   Size          |   Offset        |   Initial Value      |   Nested Table
t_0                         |   int                   |   4             |   0             |   0                  |   null
======================================================================================================================================================

///////////////////////////////////////////////////////////////////////////\\\\\\\\\\\\\\\\\\\\\\\\\\\\\\\\\\\\\\\\\\\\\\\\\\\\\\\\\\\\\\\\\\\\\\\\\\\
Symbol Table: is_prime.FOR$1                            Parent Symbol Table: is_prime
======================================================================================================================================================
Name                        |   Type                  |   Size          |   Offset        |   Initial Value      |   Nested Table
i                           |   int                   |   4             |   0             |   2                  |   null
t_0                         |   int                   |   4             |   4             |   2                  |   null
t_1                         |   int                   |   4             |   8             |   2                  |   null
t_2                         |   int                   |   4             |   12            |                      |   null
t_3                         |   int                   |   4             |   16            |                      |   null
t_4                         |   int                   |   4             |   20            |                      |   null
t_5                         |   int                   |   4             |   24            |   0                  |   null
is_prime.FOR$1.FOR$2        |   block                 |   0             |   28            |   -                  |   is_prime.FOR$1.FOR$2
======================================================================================================================================================

///////////////////////////////////////////////////////////////////////////\\\\\\\\\\\\\\\\\\\\\\\\\\\\\\\\\\\\\\\\\\\\\\\\\\\\\\\\\\\\\\\\\\\\\\\\\\\
Symbol Table: is_prime.FOR$1.FOR$2                      Parent Symbol Table: is_prime.FOR$1
======================================================================================================================================================
Name                        |   Type                  |   Size          |   Offset        |   Initial Value      |   Nested Table
t_0                         |   int                   |   4             |   0             |   0                  |   null
======================================================================================================================================================

///////////////////////////////////////////////////////////////////////////\\\\\\\\\\\\\\\\\\\\\\\\\\\\\\\\\\\\\\\\\\\\\\\\\\\\\\\\\\\\\\\\\\\\\\\\\\\
Symbol Table: sum_primes                                Parent Symbol Table: global
======================================================================================================================================================
Name                        |   Type                  |   Size          |   Offset        |   Initial Value      |   Nested Table
limit                       |   int                   |   4             |   0             |   -                  |   null
return                      |   int                   |   4             |   4             |   -                  |   null
sum                         |   int                   |   4             |   8             |   0                  |   null
t_0                         |   int                   |   4             |   12            |   0                  |   null
sum_primes.FOR$0            |   block                 |   0             |   16            |   -                  |   sum_primes.FOR$0
======================================================================================================================================================

///////////////////////////////////////////////////////////////////////////\\\\\\\\\\\\\\\\\\\\\\\\\\\\\\\\\\\\\\\\\\\\\\\\\\\\\\\\\\\\\\\\\\\\\\\\\\\
Symbol Table: sum_primes.FOR$0                          Parent Symbol Table: sum_primes
======================================================================================================================================================
Name                        |   Type                  |   Size          |   Offset        |   Initial Value      |   Nested Table
i                           |   int                   |   4             |   0             |   2                  |   null
t_0                         |   int                   |   4             |   4             |   2                  |   null
t_1                         |   int                   |   4             |   8             |                      |   null
t_2                         |   int                   |   4             |   12            |                      |   null
sum_primes.FOR$0.FOR$1      |   block                 |   0             |   16            |   -                  |   sum_primes.FOR$0.FOR$1
======================================================================================================================================================

///////////////////////////////////////////////////////////////////////////\\\\\\\\\\\\\\\\\\\\\\\\\\\\\\\\\\\\\\\\\\\\\\\\\\\\\\\\\\\\\\\\\\\\\\\\\\\
Symbol Table: sum_primes.FOR$0.FOR$1                    Parent Symbol Table: sum_primes.FOR$0
======================================================================================================================================================
Name                        |   Type                  |   Size          |   Offset        |   Initial Value      |   Nested Table
t_0                         |   int                   |   4             |   0             |                      |   null
======================================================================================================================================================

///////////////////////////////////////////////////////////////////////////\\\\\\\\\\\\\\\\\\\\\\\\\\\\\\\\\\\\\\\\\\\\\\\\\\\\\\\\\\\\\\\\\\\\\\\\\\\
Symbol Table: main                                      Parent Symbol Table: global
======================================================================================================================================================
Name                        |   Type                  |   Size          |   Offset        |   Initial Value      |   Nested Table
return                      |   int                   |   4             |   0             |   -                  |   null
limit                       |   int                   |   4             |   4             |   100                |   null
t_0                         |   int                   |   4             |   8             |   100                |   null
result                      |   int                   |   4             |   12            |   -                  |   null
t_1                         |   int                   |   4             |   16            |                      |   null
t_2                         |   int                   |   4             |   20            |   0                  |   null
======================================================================================================================================================

