
///////////////////////////////////////////////////////////////////////////\\\\\\\\\\\\\\\\\\\\\\\\\\\\\\\\\\\\\\\\\\\\\\\\\\\\\\\\\\\\\\\\\\\\\\\\\\\
THREE ADDRESS CODE (TAC): 
======================================================================================================================================================
0:      t_0 = 100

1: reverse_array: 
2:      t_1 = 0
3:      left = t_1
4:      t_2 = 1
5:      t_3 = size - t_2
6:      right = t_3

7: reverse_array.WHILE$0: 
8:      if left < right goto 10
9:      goto 
10:      t_0 = left * 4
11:      t_1 = arr[t_0]
12:      temp = t_1
13:      t_2 = left * 4
14:      t_3 = right * 4
15:      t_4 = arr[t_3]
16:      arr[t_2] = t_4
17:      t_6 = right * 4
18:      arr[t_6] = temp
19:      t_8 = left
20:      left = left + 1
21:      t_9 = right
22:      right = right - 1
23:      goto 8

24: main: 
25:      t_0 = 5
26:      t_1 = 0
27:      t_2 = t_1 * 4
28:      t_3 = 10
29:      arr[t_2] = t_3
30:      t_5 = 1
31:      t_6 = t_5 * 4
32:      t_7 = 2
33:      arr[t_6] = t_7
34:      t_9 = 2
35:      t_10 = t_9 * 4
36:      t_11 = 4
37:      arr[t_10] = t_11
38:      t_13 = 3
39:      t_14 = t_13 * 4
40:      t_15 = 50
41:      arr[t_14] = t_15
42:      t_17 = 4
43:      t_18 = t_17 * 4
44:      t_19 = 70
45:      arr[t_18] = t_19
46:      t_21 = 5
47:      size = t_21
48:      param arr
49:      param size
50:      t_22 = call reverse_array, 2
51:      t_23 = 0
52:      return t_23
======================================================================================================================================================

Symbol Tables:
======================================================================================================================================================
///////////////////////////////////////////////////////////////////////////\\\\\\\\\\\\\\\\\\\\\\\\\\\\\\\\\\\\\\\\\\\\\\\\\\\\\\\\\\\\\\\\\\\\\\\\\\\
Symbol Table: global                                    Parent Symbol Table: NULL
======================================================================================================================================================
Name                        |   Type                  |   Size          |   Offset        |   Initial Value      |   Nested Table
reverse_array               |   function              |   0             |   0             |   -                  |   reverse_array
main                        |   function              |   0             |   0             |   -                  |   main
======================================================================================================================================================

///////////////////////////////////////////////////////////////////////////\\\\\\\\\\\\\\\\\\\\\\\\\\\\\\\\\\\\\\\\\\\\\\\\\\\\\\\\\\\\\\\\\\\\\\\\\\\
Symbol Table: reverse_array                             Parent Symbol Table: global
======================================================================================================================================================
Name                        |   Type                  |   Size          |   Offset        |   Initial Value      |   Nested Table
arr                         |   arr(100,int)          |   400           |   0             |   -                  |   null
t_0                         |   int                   |   4             |   400           |   100                |   null
size                        |   int                   |   4             |   404           |   -                  |   null
left                        |   int                   |   4             |   408           |   0                  |   null
t_1                         |   int                   |   4             |   412           |   0                  |   null
right                       |   int                   |   4             |   416           |   -                  |   null
t_2                         |   int                   |   4             |   420           |   1                  |   null
t_3                         |   int                   |   4             |   424           |                      |   null
reverse_array.WHILE$0       |   block                 |   0             |   428           |   -                  |   reverse_array.WHILE$0
======================================================================================================================================================

///////////////////////////////////////////////////////////////////////////\\\\\\\\\\\\\\\\\\\\\\\\\\\\\\\\\\\\\\\\\\\\\\\\\\\\\\\\\\\\\\\\\\\\\\\\\\\
Symbol Table: reverse_array.WHILE$0                     Parent Symbol Table: reverse_array
======================================================================================================================================================
Name                        |   Type                  |   Size          |   Offset        |   Initial Value      |   Nested Table
temp                        |   int                   |   4             |   0             |   -                  |   null
t_0                         |   int                   |   4             |   4             |                      |   null
t_1                         |   int                   |   4             |   8             |                      |   null
t_2                         |   int                   |   4             |   12            |                      |   null
t_3                         |   int                   |   4             |   16            |                      |   null
t_4                         |   int                   |   4             |   20            |                      |   null
t_5                         |   int                   |   4             |   24            |                      |   null
t_6                         |   int                   |   4             |   28            |                      |   null
t_7                         |   int                   |   4             |   32            |                      |   null
t_8                         |   int                   |   4             |   36            |                      |   null
t_9                         |   int                   |   4             |   40            |                      |   null
======================================================================================================================================================

///////////////////////////////////////////////////////////////////////////\\\\\\\\\\\\\\\\\\\\\\\\\\\\\\\\\\\\\\\\\\\\\\\\\\\\\\\\\\\\\\\\\\\\\\\\\\\
Symbol Table: main                                      Parent Symbol Table: global
======================================================================================================================================================
Name                        |   Type                  |   Size          |   Offset        |   Initial Value      |   Nested Table
return                      |   int                   |   4             |   0             |   -                  |   null
arr                         |   arr(5,int)            |   20            |   4             |   -                  |   null
t_0                         |   int                   |   4             |   24            |   5                  |   null
t_1                         |   int                   |   4             |   28            |   0                  |   null
t_2                         |   int                   |   4             |   32            |                      |   null
t_3                         |   int                   |   4             |   36            |   10                 |   null
t_4                         |   int                   |   4             |   40            |                      |   null
t_5                         |   int                   |   4             |   44            |   1                  |   null
t_6                         |   int                   |   4             |   48            |                      |   null
t_7                         |   int                   |   4             |   52            |   2                  |   null
t_8                         |   int                   |   4             |   56            |                      |   null
t_9                         |   int                   |   4             |   60            |   2                  |   null
t_10                        |   int                   |   4             |   64            |                      |   null
t_11                        |   int                   |   4             |   68            |   4                  |   null
t_12                        |   int                   |   4             |   72            |                      |   null
t_13                        |   int                   |   4             |   76            |   3                  |   null
t_14                        |   int                   |   4             |   80            |                      |   null
t_15                        |   int                   |   4             |   84            |   50                 |   null
t_16                        |   int                   |   4             |   88            |                      |   null
t_17                        |   int                   |   4             |   92            |   4                  |   null
t_18                        |   int                   |   4             |   96            |                      |   null
t_19                        |   int                   |   4             |   100           |   70                 |   null
t_20                        |   int                   |   4             |   104           |                      |   null
size                        |   int                   |   4             |   108           |   5                  |   null
t_21                        |   int                   |   4             |   112           |   5                  |   null
t_22                        |   void                  |   0             |   116           |                      |   null
t_23                        |   int                   |   4             |   116           |   0                  |   null
======================================================================================================================================================

