
///////////////////////////////////////////////////////////////////////////\\\\\\\\\\\\\\\\\\\\\\\\\\\\\\\\\\\\\\\\\\\\\\\\\\\\\\\\\\\\\\\\\\\\\\\\\\\
THREE ADDRESS CODE (TAC): 
======================================================================================================================================================
0:      t_0 = 8

1: maxSubArraySum: 
2:      t_1 = 100
3:      t_2 = -t_1
4:      max_so_far = t_2
5:      t_4 = 0
6:      max_ending_here = t_4
7:      t_6 = 0
8:      start = t_6
9:      t_8 = 0
10:      end = t_8
11:      t_10 = 0
12:      s = t_10

13: maxSubArraySum.FOR$0: 
14:      t_0 = 0
15:      i = t_0
16:      if i < size goto 21
17:      goto 
18:      t_1 = i
19:      i = i + 1
20:      goto 16
21:      t_2 = i * 4
22:      t_3 = a[t_2]
23:      max_ending_here = t_3
24:      if max_so_far < max_ending_here goto 27
25:      goto 32
26:      goto 32

27: maxSubArraySum.FOR$0.FOR$1: 
28:      max_so_far = max_ending_here
29:      start = s
30:      end = i
31:      goto 32
32:      t_5 = 0
33:      if max_ending_here < t_5 goto 36
34:      goto 18
35:      goto 43

36: maxSubArraySum.FOR$0.FOR$2: 
37:      t_0 = 0
38:      max_ending_here = t_0
39:      t_2 = 1
40:      t_3 = i + t_2
41:      s = t_3
42:      goto 18
43:      goto 18

44: main: 
45:      t_0 = 8
46:      t_1 = 0
47:      t_2 = t_1 * 4
48:      t_3 = 2
49:      t_4 = -t_3
50:      a[t_2] = t_4
51:      t_6 = 1
52:      t_7 = t_6 * 4
53:      t_8 = 3
54:      t_9 = -t_8
55:      a[t_7] = t_9
56:      t_11 = 2
57:      t_12 = t_11 * 4
58:      t_13 = 4
59:      a[t_12] = t_13
60:      t_15 = 3
61:      t_16 = t_15 * 4
62:      t_17 = 1
63:      t_18 = -t_17
64:      a[t_16] = t_18
65:      t_20 = 4
66:      t_21 = t_20 * 4
67:      t_22 = 2
68:      t_23 = -t_22
69:      a[t_21] = t_23
70:      t_25 = 5
71:      t_26 = t_25 * 4
72:      t_27 = 1
73:      a[t_26] = t_27
74:      t_29 = 6
75:      t_30 = t_29 * 4
76:      t_31 = 5
77:      a[t_30] = t_31
78:      t_33 = 7
79:      t_34 = t_33 * 4
80:      t_35 = 3
81:      a[t_34] = t_35
82:      t_37 = 8
83:      n = t_37
84:      param a
85:      param n
86:      t_39 = call maxSubArraySum, 2
87:      t_40 = 0
88:      return t_40
======================================================================================================================================================

Symbol Tables:
======================================================================================================================================================
///////////////////////////////////////////////////////////////////////////\\\\\\\\\\\\\\\\\\\\\\\\\\\\\\\\\\\\\\\\\\\\\\\\\\\\\\\\\\\\\\\\\\\\\\\\\\\
Symbol Table: global                                    Parent Symbol Table: NULL
======================================================================================================================================================
Name                        |   Type                  |   Size          |   Offset        |   Initial Value      |   Nested Table
maxSubArraySum              |   function              |   0             |   0             |   -                  |   maxSubArraySum
main                        |   function              |   0             |   0             |   -                  |   main
======================================================================================================================================================

///////////////////////////////////////////////////////////////////////////\\\\\\\\\\\\\\\\\\\\\\\\\\\\\\\\\\\\\\\\\\\\\\\\\\\\\\\\\\\\\\\\\\\\\\\\\\\
Symbol Table: maxSubArraySum                            Parent Symbol Table: global
======================================================================================================================================================
Name                        |   Type                  |   Size          |   Offset        |   Initial Value      |   Nested Table
a                           |   arr(8,int)            |   32            |   0             |   -                  |   null
t_0                         |   int                   |   4             |   32            |   8                  |   null
size                        |   int                   |   4             |   36            |   -                  |   null
max_so_far                  |   int                   |   4             |   40            |   -                  |   null
t_1                         |   int                   |   4             |   44            |   100                |   null
t_2                         |   int                   |   4             |   48            |                      |   null
t_3                         |   int                   |   4             |   52            |                      |   null
max_ending_here             |   int                   |   4             |   56            |   -                  |   null
t_4                         |   int                   |   4             |   60            |   0                  |   null
t_5                         |   int                   |   4             |   64            |                      |   null
start                       |   int                   |   4             |   68            |   -                  |   null
t_6                         |   int                   |   4             |   72            |   0                  |   null
t_7                         |   int                   |   4             |   76            |                      |   null
end                         |   int                   |   4             |   80            |   -                  |   null
t_8                         |   int                   |   4             |   84            |   0                  |   null
t_9                         |   int                   |   4             |   88            |                      |   null
s                           |   int                   |   4             |   92            |   -                  |   null
t_10                        |   int                   |   4             |   96            |   0                  |   null
t_11                        |   int                   |   4             |   100           |                      |   null
maxSubArraySum.FOR$0        |   block                 |   0             |   104           |   -                  |   maxSubArraySum.FOR$0
======================================================================================================================================================

///////////////////////////////////////////////////////////////////////////\\\\\\\\\\\\\\\\\\\\\\\\\\\\\\\\\\\\\\\\\\\\\\\\\\\\\\\\\\\\\\\\\\\\\\\\\\\
Symbol Table: maxSubArraySum.FOR$0                      Parent Symbol Table: maxSubArraySum
======================================================================================================================================================
Name                        |   Type                  |   Size          |   Offset        |   Initial Value      |   Nested Table
i                           |   int                   |   4             |   0             |   0                  |   null
t_0                         |   int                   |   4             |   4             |   0                  |   null
t_1                         |   int                   |   4             |   8             |                      |   null
t_2                         |   int                   |   4             |   12            |                      |   null
t_3                         |   int                   |   4             |   16            |                      |   null
t_4                         |   int                   |   4             |   20            |                      |   null
maxSubArraySum.FOR$0.FOR$1  |   block                 |   0             |   24            |   -                  |   maxSubArraySum.FOR$0.FOR$1
t_5                         |   int                   |   4             |   24            |   0                  |   null
maxSubArraySum.FOR$0.FOR$2  |   block                 |   0             |   28            |   -                  |   maxSubArraySum.FOR$0.FOR$2
======================================================================================================================================================

///////////////////////////////////////////////////////////////////////////\\\\\\\\\\\\\\\\\\\\\\\\\\\\\\\\\\\\\\\\\\\\\\\\\\\\\\\\\\\\\\\\\\\\\\\\\\\
Symbol Table: maxSubArraySum.FOR$0.FOR$1                Parent Symbol Table: maxSubArraySum.FOR$0
======================================================================================================================================================
Name                        |   Type                  |   Size          |   Offset        |   Initial Value      |   Nested Table
t_0                         |   int                   |   4             |   0             |                      |   null
t_1                         |   int                   |   4             |   4             |                      |   null
t_2                         |   int                   |   4             |   8             |                      |   null
======================================================================================================================================================

///////////////////////////////////////////////////////////////////////////\\\\\\\\\\\\\\\\\\\\\\\\\\\\\\\\\\\\\\\\\\\\\\\\\\\\\\\\\\\\\\\\\\\\\\\\\\\
Symbol Table: maxSubArraySum.FOR$0.FOR$2                Parent Symbol Table: maxSubArraySum.FOR$0
======================================================================================================================================================
Name                        |   Type                  |   Size          |   Offset        |   Initial Value      |   Nested Table
t_0                         |   int                   |   4             |   0             |   0                  |   null
t_1                         |   int                   |   4             |   4             |                      |   null
t_2                         |   int                   |   4             |   8             |   1                  |   null
t_3                         |   int                   |   4             |   12            |                      |   null
t_4                         |   int                   |   4             |   16            |                      |   null
======================================================================================================================================================

///////////////////////////////////////////////////////////////////////////\\\\\\\\\\\\\\\\\\\\\\\\\\\\\\\\\\\\\\\\\\\\\\\\\\\\\\\\\\\\\\\\\\\\\\\\\\\
Symbol Table: main                                      Parent Symbol Table: global
======================================================================================================================================================
Name                        |   Type                  |   Size          |   Offset        |   Initial Value      |   Nested Table
return                      |   int                   |   4             |   0             |   -                  |   null
a                           |   arr(8,int)            |   32            |   4             |   -                  |   null
t_0                         |   int                   |   4             |   36            |   8                  |   null
t_1                         |   int                   |   4             |   40            |   0                  |   null
t_2                         |   int                   |   4             |   44            |                      |   null
t_3                         |   int                   |   4             |   48            |   2                  |   null
t_4                         |   int                   |   4             |   52            |                      |   null
t_5                         |   int                   |   4             |   56            |                      |   null
t_6                         |   int                   |   4             |   60            |   1                  |   null
t_7                         |   int                   |   4             |   64            |                      |   null
t_8                         |   int                   |   4             |   68            |   3                  |   null
t_9                         |   int                   |   4             |   72            |                      |   null
t_10                        |   int                   |   4             |   76            |                      |   null
t_11                        |   int                   |   4             |   80            |   2                  |   null
t_12                        |   int                   |   4             |   84            |                      |   null
t_13                        |   int                   |   4             |   88            |   4                  |   null
t_14                        |   int                   |   4             |   92            |                      |   null
t_15                        |   int                   |   4             |   96            |   3                  |   null
t_16                        |   int                   |   4             |   100           |                      |   null
t_17                        |   int                   |   4             |   104           |   1                  |   null
t_18                        |   int                   |   4             |   108           |                      |   null
t_19                        |   int                   |   4             |   112           |                      |   null
t_20                        |   int                   |   4             |   116           |   4                  |   null
t_21                        |   int                   |   4             |   120           |                      |   null
t_22                        |   int                   |   4             |   124           |   2                  |   null
t_23                        |   int                   |   4             |   128           |                      |   null
t_24                        |   int                   |   4             |   132           |                      |   null
t_25                        |   int                   |   4             |   136           |   5                  |   null
t_26                        |   int                   |   4             |   140           |                      |   null
t_27                        |   int                   |   4             |   144           |   1                  |   null
t_28                        |   int                   |   4             |   148           |                      |   null
t_29                        |   int                   |   4             |   152           |   6                  |   null
t_30                        |   int                   |   4             |   156           |                      |   null
t_31                        |   int                   |   4             |   160           |   5                  |   null
t_32                        |   int                   |   4             |   164           |                      |   null
t_33                        |   int                   |   4             |   168           |   7                  |   null
t_34                        |   int                   |   4             |   172           |                      |   null
t_35                        |   int                   |   4             |   176           |   3                  |   null
t_36                        |   int                   |   4             |   180           |                      |   null
n                           |   int                   |   4             |   184           |   -                  |   null
t_37                        |   int                   |   4             |   188           |   8                  |   null
t_38                        |   int                   |   4             |   192           |                      |   null
t_39                        |   void                  |   0             |   196           |                      |   null
t_40                        |   int                   |   4             |   196           |   0                  |   null
======================================================================================================================================================

