
///////////////////////////////////////////////////////////////////////////\\\\\\\\\\\\\\\\\\\\\\\\\\\\\\\\\\\\\\\\\\\\\\\\\\\\\\\\\\\\\\\\\\\\\\\\\\\
THREE ADDRESS CODE (TAC): 
======================================================================================================================================================
0:      t_0 = 100
1:      t_1 = 3

2: find_pythagorean_triples: 
3:      t_2 = 0
4:      count = t_2

5: find_pythagorean_triples.FOR$0: 
6:      t_0 = 1
7:      a = t_0
8:      if a < limit goto 13
9:      goto 
10:      t_2 = a
11:      a = a + 1
12:      goto 8

13: find_pythagorean_triples.FOR$0.FOR$1: 
14:      t_0 = 1
15:      t_1 = a + t_0
16:      b = t_1
17:      if b < limit goto 22
18:      goto 10
19:      t_3 = b
20:      b = b + 1
21:      goto 17

22: find_pythagorean_triples.FOR$0.FOR$1.FOR$2: 
23:      t_0 = 1
24:      t_1 = b + t_0
25:      c = t_1
26:      if c < limit goto 31
27:      goto 19
28:      t_3 = c
29:      c = c + 1
30:      goto 26
31:      t_4 = a * a
32:      t_5 = b * b
33:      t_6 = t_4 + t_5
34:      t_7 = c * c
35:      if t_6 == t_7 goto 38
36:      goto 28
37:      goto 62

38: find_pythagorean_triples.FOR$0.FOR$1.FOR$2.FOR$3: 
39:      if count < limit goto 42
40:      goto 28
41:      goto 61

42: find_pythagorean_triples.FOR$0.FOR$1.FOR$2.FOR$3.FOR$4: 
43:      t_0 = count * 12
44:      t_1 = 0
45:      t_3 = t_1 * 4
46:      t_2 = t_0 + t_3
47:      triples[t_2] = a
48:      t_5 = count * 12
49:      t_6 = 1
50:      t_8 = t_6 * 4
51:      t_7 = t_5 + t_8
52:      triples[t_7] = b
53:      t_10 = count * 12
54:      t_11 = 2
55:      t_13 = t_11 * 4
56:      t_12 = t_10 + t_13
57:      triples[t_12] = c
58:      t_15 = count
59:      count = count + 1
60:      goto 28
61:      goto 28
62:      goto 28
63:      goto 19
64:      goto 10

65: main: 
66:      t_0 = 30
67:      limit = t_0
68:      t_1 = 100
69:      t_2 = 3
70:      param limit
71:      param triples
72:      t_3 = call find_pythagorean_triples, 2
73:      t_4 = 0
74:      return t_4
======================================================================================================================================================

Symbol Tables:
======================================================================================================================================================
///////////////////////////////////////////////////////////////////////////\\\\\\\\\\\\\\\\\\\\\\\\\\\\\\\\\\\\\\\\\\\\\\\\\\\\\\\\\\\\\\\\\\\\\\\\\\\
Symbol Table: global                                    Parent Symbol Table: NULL
======================================================================================================================================================
Name                        |   Type                  |   Size          |   Offset        |   Initial Value      |   Nested Table
find_pythagorean_triples    |   function              |   0             |   0             |   -                  |   find_pythagorean_triples
main                        |   function              |   0             |   0             |   -                  |   main
======================================================================================================================================================

///////////////////////////////////////////////////////////////////////////\\\\\\\\\\\\\\\\\\\\\\\\\\\\\\\\\\\\\\\\\\\\\\\\\\\\\\\\\\\\\\\\\\\\\\\\\\\
Symbol Table: find_pythagorean_triples                  Parent Symbol Table: global
======================================================================================================================================================
Name                        |   Type                  |   Size          |   Offset        |   Initial Value      |   Nested Table
limit                       |   int                   |   4             |   0             |   -                  |   null
triples                     |   arr(100,arr(3,int))   |   1200          |   4             |   -                  |   null
t_0                         |   int                   |   4             |   1204          |   100                |   null
t_1                         |   int                   |   4             |   1208          |   3                  |   null
count                       |   int                   |   4             |   1212          |   0                  |   null
t_2                         |   int                   |   4             |   1216          |   0                  |   null
a                           |   int                   |   4             |   1220          |   -                  |   null
b                           |   int                   |   4             |   1224          |   -                  |   null
c                           |   int                   |   4             |   1228          |   -                  |   null
find_pythagorean_triples.FOR$0 |   block                 |   0             |   1232          |   -                  |   find_pythagorean_triples.FOR$0
======================================================================================================================================================

///////////////////////////////////////////////////////////////////////////\\\\\\\\\\\\\\\\\\\\\\\\\\\\\\\\\\\\\\\\\\\\\\\\\\\\\\\\\\\\\\\\\\\\\\\\\\\
Symbol Table: find_pythagorean_triples.FOR$0            Parent Symbol Table: find_pythagorean_triples
======================================================================================================================================================
Name                        |   Type                  |   Size          |   Offset        |   Initial Value      |   Nested Table
t_0                         |   int                   |   4             |   0             |   1                  |   null
t_1                         |   int                   |   4             |   4             |                      |   null
t_2                         |   int                   |   4             |   8             |                      |   null
find_pythagorean_triples.FOR$0.FOR$1 |   block                 |   0             |   12            |   -                  |   find_pythagorean_triples.FOR$0.FOR$1
======================================================================================================================================================

///////////////////////////////////////////////////////////////////////////\\\\\\\\\\\\\\\\\\\\\\\\\\\\\\\\\\\\\\\\\\\\\\\\\\\\\\\\\\\\\\\\\\\\\\\\\\\
Symbol Table: find_pythagorean_triples.FOR$0.FOR$1      Parent Symbol Table: find_pythagorean_triples.FOR$0
======================================================================================================================================================
Name                        |   Type                  |   Size          |   Offset        |   Initial Value      |   Nested Table
t_0                         |   int                   |   4             |   0             |   1                  |   null
t_1                         |   int                   |   4             |   4             |                      |   null
t_2                         |   int                   |   4             |   8             |                      |   null
t_3                         |   int                   |   4             |   12            |                      |   null
find_pythagorean_triples.FOR$0.FOR$1.FOR$2 |   block                 |   0             |   16            |   -                  |   find_pythagorean_triples.FOR$0.FOR$1.FOR$2
======================================================================================================================================================

///////////////////////////////////////////////////////////////////////////\\\\\\\\\\\\\\\\\\\\\\\\\\\\\\\\\\\\\\\\\\\\\\\\\\\\\\\\\\\\\\\\\\\\\\\\\\\
Symbol Table: find_pythagorean_triples.FOR$0.FOR$1.FOR$2  Parent Symbol Table: find_pythagorean_triples.FOR$0.FOR$1
======================================================================================================================================================
Name                        |   Type                  |   Size          |   Offset        |   Initial Value      |   Nested Table
t_0                         |   int                   |   4             |   0             |   1                  |   null
t_1                         |   int                   |   4             |   4             |                      |   null
t_2                         |   int                   |   4             |   8             |                      |   null
t_3                         |   int                   |   4             |   12            |                      |   null
t_4                         |   int                   |   4             |   16            |                      |   null
t_5                         |   int                   |   4             |   20            |                      |   null
t_6                         |   int                   |   4             |   24            |                      |   null
t_7                         |   int                   |   4             |   28            |                      |   null
find_pythagorean_triples.FOR$0.FOR$1.FOR$2.FOR$3 |   block                 |   0             |   32            |   -                  |   find_pythagorean_triples.FOR$0.FOR$1.FOR$2.FOR$3
======================================================================================================================================================

///////////////////////////////////////////////////////////////////////////\\\\\\\\\\\\\\\\\\\\\\\\\\\\\\\\\\\\\\\\\\\\\\\\\\\\\\\\\\\\\\\\\\\\\\\\\\\
Symbol Table: find_pythagorean_triples.FOR$0.FOR$1.FOR$2.FOR$3  Parent Symbol Table: find_pythagorean_triples.FOR$0.FOR$1.FOR$2
======================================================================================================================================================
Name                        |   Type                  |   Size          |   Offset        |   Initial Value      |   Nested Table
find_pythagorean_triples.FOR$0.FOR$1.FOR$2.FOR$3.FOR$4 |   block                 |   0             |   0             |   -                  |   find_pythagorean_triples.FOR$0.FOR$1.FOR$2.FOR$3.FOR$4
======================================================================================================================================================

///////////////////////////////////////////////////////////////////////////\\\\\\\\\\\\\\\\\\\\\\\\\\\\\\\\\\\\\\\\\\\\\\\\\\\\\\\\\\\\\\\\\\\\\\\\\\\
Symbol Table: find_pythagorean_triples.FOR$0.FOR$1.FOR$2.FOR$3.FOR$4  Parent Symbol Table: find_pythagorean_triples.FOR$0.FOR$1.FOR$2.FOR$3
======================================================================================================================================================
Name                        |   Type                  |   Size          |   Offset        |   Initial Value      |   Nested Table
t_0                         |   int                   |   4             |   0             |                      |   null
t_1                         |   int                   |   4             |   4             |   0                  |   null
t_2                         |   int                   |   4             |   8             |                      |   null
t_3                         |   int                   |   4             |   12            |                      |   null
t_4                         |   int                   |   4             |   16            |                      |   null
t_5                         |   int                   |   4             |   20            |                      |   null
t_6                         |   int                   |   4             |   24            |   1                  |   null
t_7                         |   int                   |   4             |   28            |                      |   null
t_8                         |   int                   |   4             |   32            |                      |   null
t_9                         |   int                   |   4             |   36            |                      |   null
t_10                        |   int                   |   4             |   40            |                      |   null
t_11                        |   int                   |   4             |   44            |   2                  |   null
t_12                        |   int                   |   4             |   48            |                      |   null
t_13                        |   int                   |   4             |   52            |                      |   null
t_14                        |   int                   |   4             |   56            |                      |   null
t_15                        |   int                   |   4             |   60            |                      |   null
======================================================================================================================================================

///////////////////////////////////////////////////////////////////////////\\\\\\\\\\\\\\\\\\\\\\\\\\\\\\\\\\\\\\\\\\\\\\\\\\\\\\\\\\\\\\\\\\\\\\\\\\\
Symbol Table: main                                      Parent Symbol Table: global
======================================================================================================================================================
Name                        |   Type                  |   Size          |   Offset        |   Initial Value      |   Nested Table
return                      |   int                   |   4             |   0             |   -                  |   null
limit                       |   int                   |   4             |   4             |   30                 |   null
t_0                         |   int                   |   4             |   8             |   30                 |   null
triples                     |   arr(100,arr(3,int))   |   1200          |   12            |   -                  |   null
t_1                         |   int                   |   4             |   1212          |   100                |   null
t_2                         |   int                   |   4             |   1216          |   3                  |   null
t_3                         |   void                  |   0             |   1220          |                      |   null
t_4                         |   int                   |   4             |   1220          |   0                  |   null
======================================================================================================================================================

