
///////////////////////////////////////////////////////////////////////////\\\\\\\\\\\\\\\\\\\\\\\\\\\\\\\\\\\\\\\\\\\\\\\\\\\\\\\\\\\\\\\\\\\\\\\\\\\
THREE ADDRESS CODE (TAC): 
======================================================================================================================================================

0: main: 
1:      t_0 = 2
2:      a = t_0
3:      t_1 = &a
4:      ptr = t_1
5:      t_2 = &ptr
6:      ptr2 = t_2
7:      t_3 = 3
8:      b = t_3
9:      t_4 = float2int(b)
10:      a = t_4
11:      t_6 = int2float(a)
12:      b = t_6
13:      t_8 = 'a'
14:      c1 = t_8
15:      t_9 = 20
16:      t_10 = 50
17:      t_11 = float2int(b)
18:      a = t_11

19: foo: 

20: foo: 
21:      t_0 = 2
22:      a = t_0
23:      t_1 = i << a
24:      i = t_1
======================================================================================================================================================

Symbol Tables:
======================================================================================================================================================
///////////////////////////////////////////////////////////////////////////\\\\\\\\\\\\\\\\\\\\\\\\\\\\\\\\\\\\\\\\\\\\\\\\\\\\\\\\\\\\\\\\\\\\\\\\\\\
Symbol Table: global                                    Parent Symbol Table: NULL
======================================================================================================================================================
Name                        |   Type                  |   Size          |   Offset        |   Initial Value      |   Nested Table
foo                         |   function              |   0             |   0             |   -                  |   foo
main                        |   function              |   0             |   0             |   -                  |   main
======================================================================================================================================================

///////////////////////////////////////////////////////////////////////////\\\\\\\\\\\\\\\\\\\\\\\\\\\\\\\\\\\\\\\\\\\\\\\\\\\\\\\\\\\\\\\\\\\\\\\\\\\
Symbol Table: foo                                       Parent Symbol Table: global
======================================================================================================================================================
Name                        |   Type                  |   Size          |   Offset        |   Initial Value      |   Nested Table
i                           |   int                   |   4             |   0             |   -                  |   null
a                           |   int                   |   4             |   4             |   2                  |   null
t_0                         |   int                   |   4             |   8             |   2                  |   null
t_1                         |   int                   |   4             |   12            |                      |   null
t_2                         |   int                   |   4             |   16            |                      |   null
======================================================================================================================================================

///////////////////////////////////////////////////////////////////////////\\\\\\\\\\\\\\\\\\\\\\\\\\\\\\\\\\\\\\\\\\\\\\\\\\\\\\\\\\\\\\\\\\\\\\\\\\\
Symbol Table: main                                      Parent Symbol Table: global
======================================================================================================================================================
Name                        |   Type                  |   Size          |   Offset        |   Initial Value      |   Nested Table
return                      |   int                   |   4             |   0             |   -                  |   null
a                           |   int                   |   4             |   4             |   2                  |   null
t_0                         |   int                   |   4             |   8             |   2                  |   null
ptr                         |   ptr(int)              |   8             |   12            |   -                  |   null
t_1                         |   ptr(int)              |   8             |   20            |                      |   null
ptr2                        |   ptr(ptr(int))         |   8             |   28            |   -                  |   null
t_2                         |   ptr(ptr(int))         |   8             |   36            |                      |   null
b                           |   float                 |   4             |   44            |   3                  |   null
t_3                         |   float                 |   4             |   48            |   3                  |   null
t_4                         |   int                   |   4             |   52            |                      |   null
t_5                         |   int                   |   4             |   56            |                      |   null
t_6                         |   float                 |   4             |   60            |                      |   null
t_7                         |   float                 |   4             |   64            |                      |   null
c1                          |   char                  |   1             |   68            |   'a'                |   null
t_8                         |   char                  |   1             |   69            |   'a'                |   null
float_arr_2d                |   arr(20,arr(50,float)) |   4000          |   70            |   -                  |   null
t_9                         |   int                   |   4             |   4070          |   20                 |   null
t_10                        |   int                   |   4             |   4074          |   50                 |   null
t_11                        |   int                   |   4             |   4078          |                      |   null
======================================================================================================================================================

